[2024-08-26 02:17:16] Intento de inicio de sesión - megatest@gmail.com
[2024-08-26 02:17:16] Error: Usuario o contraseña incorrectos - megatest@gmail.com
[2024-08-26 02:18:55] Intento de inicio de sesión - megatest@gmail.com
[2024-08-26 02:18:55] megatest@gmail.com - email :
[2024-08-26 02:19:55] Intento de inicio de sesión - megatest@gmail.com
[2024-08-26 02:19:55] megatest@gmail.com - email :
[2024-08-26 02:19:55] 1234 - clave :
[2024-08-26 02:20:50] Intento de inicio de sesión - megatest@gmail.com
[2024-08-26 02:22:15] Intento de inicio de sesión - megatest@gmail.com
[2024-08-26 02:22:15] email - megatest@gmail.com
[2024-08-26 02:22:15] clave - 1234
[2024-08-26 02:22:15] clavereal - 1234
[2024-08-26 02:22:52] Intento de inicio de sesión - megatest@gmail.com
[2024-08-26 02:22:52] email - megatest@gmail.com
[2024-08-26 02:22:52] clave - 1234
[2024-08-26 02:22:52] emailreal - megatest@gmail.com
[2024-08-26 02:22:52] clavereal - 1234
[2024-08-26 02:23:34] Intento de inicio de sesión - megatefffst@gmail.com
[2024-08-26 02:23:34] email - megatefffst@gmail.com
[2024-08-26 02:23:34] clave - 1234ffff
[2024-08-26 02:23:34] emailreal - 
[2024-08-26 02:23:34] clavereal - 
[2024-08-26 02:23:42] Intento de inicio de sesión - sddsad@gmail.com
[2024-08-26 02:23:42] email - sddsad@gmail.com
[2024-08-26 02:23:42] clave - qweeqwe21
[2024-08-26 02:23:42] emailreal - 
[2024-08-26 02:23:42] clavereal - 
[2024-08-26 02:25:42] email - qwe
[2024-08-26 02:25:42] clave - qwe
[2024-08-26 02:25:42] cliente - 
[2024-08-26 02:25:42] emailreal - 
[2024-08-26 02:25:42] clavereal - 
